#
# There is insufficient memory for the Java Runtime Environment to continue.
# Native memory allocation (mmap) failed to map 125829120 bytes for G1 virtual space
# Possible reasons:
#   The system is out of physical RAM or swap space
#   The process is running with CompressedOops enabled, and the Java Heap may be blocking the growth of the native heap
# Possible solutions:
#   Reduce memory load on the system
#   Increase physical memory or swap space
#   Check if swap backing store is full
#   Decrease Java heap size (-Xmx/-Xms)
#   Decrease number of Java threads
#   Decrease Java thread stack sizes (-Xss)
#   Set larger code cache with -XX:ReservedCodeCacheSize=
#   JVM is running with Unscaled Compressed Oops mode in which the Java heap is
#     placed in the first 4GB address space. The Java Heap base address is the
#     maximum limit for the native heap growth. Please use -XX:HeapBaseMinAddress
#     to set the Java Heap base and to place the Java Heap above 4GB virtual address.
# This output file may be truncated or incomplete.
#
#  Out of Memory Error (./open/src/hotspot/os/windows/os_windows.cpp:3321), pid=70056, tid=69780
#
# JRE version:  (15.0.2+7) (build )
# Java VM: Java HotSpot(TM) 64-Bit Server VM (15.0.2+7-27, mixed mode, sharing, tiered, compressed oops, g1 gc, windows-amd64)
# No core dump will be written. Minidumps are not enabled by default on client versions of Windows
#

---------------  S U M M A R Y ------------

Command Line: -Dclassworlds.conf=C:\Program Files\NetBeans-12.2\netbeans\java\maven\bin\..\bin\m2.conf -Dmaven.home=C:\Program Files\NetBeans-12.2\netbeans\java\maven\bin\.. -Dlibrary.jansi.path=C:\Program Files\NetBeans-12.2\netbeans\java\maven\bin\..\lib\jansi-native -Dmaven.multiModuleProjectDirectory=C:\Users\jemon\OneDrive\Documents\NetBeansProjects\galerie org.codehaus.plexus.classworlds.launcher.Launcher -Dmaven.ext.class.path=C:\Program Files\NetBeans-12.2\netbeans\java\maven-nblib\netbeans-eventspy.jar -Dfile.encoding=UTF-8 clean install

Host: AMD Ryzen 5 4500U with Radeon Graphics         , 6 cores, 7G,  Windows 10 , 64 bit Build 19041 (10.0.19041.804)
Time: Thu Mar 11 19:12:40 2021 Paris, Madrid elapsed time: 0.023388 seconds (0d 0h 0m 0s)

---------------  T H R E A D  ---------------

Current thread (0x000002971c2e2c60):  JavaThread "Unknown thread" [_thread_in_vm, id=69780, stack(0x000000fd04900000,0x000000fd04a00000)]

Stack: [0x000000fd04900000,0x000000fd04a00000]
Native frames: (J=compiled Java code, j=interpreted, Vv=VM code, C=native code)
V  [jvm.dll+0x62ae9a]
V  [jvm.dll+0x7817a9]
V  [jvm.dll+0x782f03]
V  [jvm.dll+0x783563]
V  [jvm.dll+0x216325]
V  [jvm.dll+0x6281d9]
V  [jvm.dll+0x61cf55]
V  [jvm.dll+0x2cffdd]
V  [jvm.dll+0x2cfe42]
V  [jvm.dll+0x2d5e1c]
V  [jvm.dll+0x32590a]
V  [jvm.dll+0x324fd4]
V  [jvm.dll+0x2a6f5a]
V  [jvm.dll+0x2a80f8]
V  [jvm.dll+0x75e241]
V  [jvm.dll+0x3341c4]
V  [jvm.dll+0x73e926]
V  [jvm.dll+0x3b7557]
V  [jvm.dll+0x3b8fe1]
C  [jli.dll+0x52fb]
C  [ucrtbase.dll+0x21bb2]
C  [KERNEL32.DLL+0x17034]
C  [ntdll.dll+0x4d241]


---------------  P R O C E S S  ---------------

Threads class SMR info:
_java_thread_list=0x00007ffdf0b84ff0, length=0, elements={
}

Java Threads: ( => current thread )

Other Threads:
  0x000002971c321800 GCTaskThread "GC Thread#0" [stack: 0x000000fd04a00000,0x000000fd04b00000] [id=67144]
  0x000002971c331710 ConcurrentGCThread "G1 Main Marker" [stack: 0x000000fd04b00000,0x000000fd04c00000] [id=18248]
  0x000002971c332aa0 ConcurrentGCThread "G1 Conc#0" [stack: 0x000000fd04c00000,0x000000fd04d00000] [id=64256]

[error occurred during error reporting (printing all threads), id 0xc0000005, EXCEPTION_ACCESS_VIOLATION (0xc0000005) at pc=0x00007ffdf0377e27]

VM state: not at safepoint (not fully initialized)

VM Mutex/Monitor currently owned by a thread:  ([mutex/lock_event])
[0x000002971c2df420] Heap_lock - owner thread: 0x000002971c2e2c60

Heap address: 0x0000000089200000, size: 1902 MB, Compressed Oops mode: 32-bit
CDS archive(s) mapped at: [0x0000000000000000-0x0000000000000000-0x0000000000000000), size 0, SharedBaseAddress: 0x0000000800000000, ArchiveRelocationMode: 0.
Narrow klass base: 0x0000000000000000, Narrow klass shift: 0, Narrow klass range: 0x0

Heap:
 garbage-first heap   total 122880K, used 0K [0x0000000089200000, 0x0000000100000000)
  region size 1024K, 0 young (0K), 0 survivors (0K)
 Metaspace       used 0K, capacity 0K, committed 0K, reserved 0K
  class space    used 0K, capacity 0K, committed 0K, reserved 0K

Heap Regions: E=young(eden), S=young(survivor), O=old, HS=humongous(starts), HC=humongous(continues), CS=collection set, F=free, OA=open archive, CA=closed archive, TAMS=top-at-mark-start (previous, next)

Card table byte_map: [0x00000297339f0000,0x0000029733db0000] _byte_map_base: 0x00000297335a7000

Marking Bits (Prev, Next): (CMBitMap*) 0x000002971c321ff0, (CMBitMap*) 0x000002971c322030
 Prev Bits: [0x0000029734170000, 0x0000029735f28000)
 Next Bits: [0x0000029735f30000, 0x0000029737ce8000)

GC Heap History (0 events):
No events

Deoptimization events (0 events):
No events

Classes unloaded (0 events):
No events

Classes redefined (0 events):
No events

Internal exceptions (0 events):
No events

Events (1 events):
Event: 0.016 Loaded shared library C:\Program Files\Java\jdk-15.0.2\bin\java.dll


Dynamic libraries:
0x00007ff6a61e0000 - 0x00007ff6a61ef000 	C:\Program Files\Java\jdk-15.0.2\bin\java.exe
0x00007ffe803f0000 - 0x00007ffe805e6000 	C:\Windows\SYSTEM32\ntdll.dll
0x00007ffe7e650000 - 0x00007ffe7e70d000 	C:\Windows\System32\KERNEL32.DLL
0x00007ffe7e180000 - 0x00007ffe7e449000 	C:\Windows\System32\KERNELBASE.dll
0x00007ffe7de10000 - 0x00007ffe7df10000 	C:\Windows\System32\ucrtbase.dll
0x00007ffe703f0000 - 0x00007ffe70408000 	C:\Program Files\Java\jdk-15.0.2\bin\jli.dll
0x00007ffe7e710000 - 0x00007ffe7e7bc000 	C:\Windows\System32\ADVAPI32.dll
0x00007ffe7e450000 - 0x00007ffe7e4ee000 	C:\Windows\System32\msvcrt.dll
0x00007ffe7ea30000 - 0x00007ffe7eacc000 	C:\Windows\System32\sechost.dll
0x00007ffe7e520000 - 0x00007ffe7e64b000 	C:\Windows\System32\RPCRT4.dll
0x00007ffe7f660000 - 0x00007ffe7f800000 	C:\Windows\System32\USER32.dll
0x00007ffe7dde0000 - 0x00007ffe7de02000 	C:\Windows\System32\win32u.dll
0x00007ffe7fb70000 - 0x00007ffe7fb9a000 	C:\Windows\System32\GDI32.dll
0x00007ffe7dfc0000 - 0x00007ffe7e0cb000 	C:\Windows\System32\gdi32full.dll
0x00007ffe7db30000 - 0x00007ffe7dbcd000 	C:\Windows\System32\msvcp_win.dll
0x00007ffe73d70000 - 0x00007ffe7400b000 	C:\Windows\WinSxS\amd64_microsoft.windows.common-controls_6595b64144ccf1df_6.0.19041.746_none_ca02b4b61b8320a4\COMCTL32.dll
0x00007ffe73ce0000 - 0x00007ffe73cea000 	C:\Windows\SYSTEM32\VERSION.dll
0x00007ffe65db0000 - 0x00007ffe65dc9000 	C:\Program Files\Java\jdk-15.0.2\bin\VCRUNTIME140.dll
0x00007ffe7e4f0000 - 0x00007ffe7e520000 	C:\Windows\System32\IMM32.DLL
0x00007ffe76140000 - 0x00007ffe7614c000 	C:\Program Files\Java\jdk-15.0.2\bin\vcruntime140_1.dll
0x00007ffe53d30000 - 0x00007ffe53dc1000 	C:\Program Files\Java\jdk-15.0.2\bin\msvcp140.dll
0x00007ffdf00c0000 - 0x00007ffdf0c1e000 	C:\Program Files\Java\jdk-15.0.2\bin\server\jvm.dll
0x00007ffe7f800000 - 0x00007ffe7f808000 	C:\Windows\System32\PSAPI.DLL
0x00007ffe73a20000 - 0x00007ffe73a47000 	C:\Windows\SYSTEM32\WINMM.dll
0x00007ffe76150000 - 0x00007ffe76159000 	C:\Windows\SYSTEM32\WSOCK32.dll
0x00007ffe7ef20000 - 0x00007ffe7ef8b000 	C:\Windows\System32\WS2_32.dll
0x00007ffe7ba60000 - 0x00007ffe7ba72000 	C:\Windows\SYSTEM32\kernel.appcore.dll
0x00007ffe70a50000 - 0x00007ffe70a5a000 	C:\Program Files\Java\jdk-15.0.2\bin\jimage.dll
0x00007ffe70e00000 - 0x00007ffe70fe4000 	C:\Windows\SYSTEM32\DBGHELP.DLL
0x00007ffe70dd0000 - 0x00007ffe70dfc000 	C:\Windows\SYSTEM32\dbgcore.DLL
0x00007ffe7e100000 - 0x00007ffe7e180000 	C:\Windows\System32\bcryptPrimitives.dll
0x00007ffe62250000 - 0x00007ffe62275000 	C:\Program Files\Java\jdk-15.0.2\bin\java.dll

dbghelp: loaded successfully - version: 4.0.5 - missing functions: none
symbol engine: initialized successfully - sym options: 0x614 - pdb path: .;C:\Program Files\Java\jdk-15.0.2\bin;C:\Windows\SYSTEM32;C:\Windows\WinSxS\amd64_microsoft.windows.common-controls_6595b64144ccf1df_6.0.19041.746_none_ca02b4b61b8320a4;C:\Program Files\Java\jdk-15.0.2\bin\server

VM Arguments:
jvm_args: -Dclassworlds.conf=C:\Program Files\NetBeans-12.2\netbeans\java\maven\bin\..\bin\m2.conf -Dmaven.home=C:\Program Files\NetBeans-12.2\netbeans\java\maven\bin\.. -Dlibrary.jansi.path=C:\Program Files\NetBeans-12.2\netbeans\java\maven\bin\..\lib\jansi-native -Dmaven.multiModuleProjectDirectory=C:\Users\jemon\OneDrive\Documents\NetBeansProjects\galerie 
java_command: org.codehaus.plexus.classworlds.launcher.Launcher -Dmaven.ext.class.path=C:\Program Files\NetBeans-12.2\netbeans\java\maven-nblib\netbeans-eventspy.jar -Dfile.encoding=UTF-8 clean install
java_class_path (initial): C:\Program Files\NetBeans-12.2\netbeans\java\maven\bin\..\boot\plexus-classworlds-2.6.0.jar
Launcher Type: SUN_STANDARD

[Global flags]
     intx CICompilerCount                          = 3                                         {product} {ergonomic}
     uint ConcGCThreads                            = 2                                         {product} {ergonomic}
     uint G1ConcRefinementThreads                  = 6                                         {product} {ergonomic}
   size_t G1HeapRegionSize                         = 1048576                                   {product} {ergonomic}
    uintx GCDrainStackTargetSize                   = 64                                        {product} {ergonomic}
   size_t InitialHeapSize                          = 125829120                                 {product} {ergonomic}
   size_t MarkStackSize                            = 4194304                                   {product} {ergonomic}
   size_t MaxHeapSize                              = 1994391552                                {product} {ergonomic}
   size_t MinHeapDeltaBytes                        = 1048576                                   {product} {ergonomic}
   size_t MinHeapSize                              = 8388608                                   {product} {ergonomic}
    uintx NonNMethodCodeHeapSize                   = 5832780                                {pd product} {ergonomic}
    uintx NonProfiledCodeHeapSize                  = 122912730                              {pd product} {ergonomic}
    uintx ProfiledCodeHeapSize                     = 122912730                              {pd product} {ergonomic}
    uintx ReservedCodeCacheSize                    = 251658240                              {pd product} {ergonomic}
     bool SegmentedCodeCache                       = true                                      {product} {ergonomic}
   size_t SoftMaxHeapSize                          = 1994391552                             {manageable} {ergonomic}
     bool UseCompressedClassPointers               = true                                 {lp64_product} {ergonomic}
     bool UseCompressedOops                        = true                                 {lp64_product} {ergonomic}
     bool UseG1GC                                  = true                                      {product} {ergonomic}
     bool UseLargePagesIndividualAllocation        = false                                  {pd product} {ergonomic}

Logging:
Log output configuration:
 #0: stdout all=warning uptime,level,tags
 #1: stderr all=off uptime,level,tags

Environment Variables:
JAVA_HOME=C:\Program Files\Java\jdk-15.0.2
PATH=C:\Program Files\Common Files\Oracle\Java\javapath;C:\Windows\system32;C:\Windows;C:\Windows\System32\Wbem;C:\Windows\System32\WindowsPowerShell\v1.0\;C:\Windows\System32\OpenSSH\;C:\Users\jemon\AppData\Local\Microsoft\WindowsApps;C:\Users\jemon\AppData\Local\Programs\Microsoft VS Code\bin;C:\apache-maven-3.6.3-bin\apache-maven-3.6.3\bin;C:\Program Files\heroku\bin
USERNAME=jemon
OS=Windows_NT
PROCESSOR_IDENTIFIER=AMD64 Family 23 Model 96 Stepping 1, AuthenticAMD



---------------  S Y S T E M  ---------------

OS:
 Windows 10 , 64 bit Build 19041 (10.0.19041.804)
OS uptime: 7 days 18:59 hours

CPU: total 6 (initial active 6) (6 cores per cpu, 1 threads per core) family 23 model 96 stepping 1 microcode 0x0, cmov, cx8, fxsr, mmx, sse, sse2, sse3, ssse3, sse4.1, sse4.2, popcnt, vzeroupper, avx, avx2, aes, clmul, 3dnowpref, lzcnt, sse4a, tsc, tscinvbit, tscinv, bmi1, bmi2, adx, sha, fma, clflush, clflushopt

Memory: 4k page, system-wide physical 7600M (948M free)
TotalPageFile size 18254M (AvailPageFile size 33M)
current process WorkingSet (physical memory assigned to process): 10M, peak: 10M
current process commit charge ("private bytes"): 56M, peak: 176M

vm_info: Java HotSpot(TM) 64-Bit Server VM (15.0.2+7-27) for windows-amd64 JRE (15.0.2+7-27), built on Dec  7 2020 20:07:01 by "mach5one" with unknown MS VC++:1925

END.
